<?xml version="1.0" encoding="UTF-8"?>
<testng-results ignored="0" total="1" passed="1" failed="0" skipped="0">
  <reporter-output>
  </reporter-output>
  <suite started-at="2024-11-12T14:56:38 IST" name="Surefire suite" finished-at="2024-11-12T14:57:59 IST" duration-ms="81104">
    <groups>
    </groups>
    <test started-at="2024-11-12T14:56:38 IST" name="Surefire test" finished-at="2024-11-12T14:57:59 IST" duration-ms="81104">
      <class name="playwright.CometElite.SingleRun">
        <test-method signature="testLoginAndNavigate()[pri:1, instance:playwright.CometElite.SingleRun@78e94dcf]" started-at="2024-11-12T14:56:38 IST" name="testLoginAndNavigate" finished-at="2024-11-12T14:57:59 IST" duration-ms="81070" status="PASS">
          <reporter-output>
          </reporter-output>
        </test-method> <!-- testLoginAndNavigate -->
      </class> <!-- playwright.CometElite.SingleRun -->
    </test> <!-- Surefire test -->
  </suite> <!-- Surefire suite -->
</testng-results>
